<?xml version="1.0" encoding="UTF-8"?>
<!-- Generated by org.testng.reporters.JUnitReportReporter -->
<testsuite hostname="ADil" failures="0" tests="3" name="Test_Packages.Post_TC6_Data_Provider" time="2.360" errors="0" timestamp="2024-03-07T16:33:36 IST" skipped="0">
  <testcase classname="Test_Packages.Post_TC6_Data_Provider" name="Executor" time="0.733"/>
  <testcase classname="Test_Packages.Post_TC6_Data_Provider" name="Executor" time="0.816"/>
  <testcase classname="Test_Packages.Post_TC6_Data_Provider" name="Executor" time="0.811"/>
</testsuite> <!-- Test_Packages.Post_TC6_Data_Provider -->
