<?xml version="1.0" encoding="UTF-8"?>
<!-- Generated by org.testng.reporters.JUnitReportReporter -->
<testsuite hostname="ADil" failures="0" tests="1" name="Parameterization.TestClass" time="4.838" errors="0" timestamp="2024-03-07T01:05:22 IST" skipped="0">
  <testcase classname="Parameterization.TestClass" name="Executor" time="4.838"/>
</testsuite> <!-- Parameterization.TestClass -->
