<?xml version="1.0" encoding="UTF-8"?>
<!-- Generated by org.testng.reporters.JUnitReportReporter -->
<testsuite hostname="ADil" failures="0" tests="1" name="Demo.Demo1" time="0.654" errors="0" timestamp="2024-03-06T18:21:44 IST" skipped="0">
  <testcase classname="Demo.Demo1" name="testAPI" time="0.654"/>
</testsuite> <!-- Demo.Demo1 -->
