<?xml version="1.0" encoding="UTF-8"?>
<!-- Generated by org.testng.reporters.JUnitReportReporter -->
<testsuite hostname="ADil" failures="0" tests="1" name="Test_Packages.DD_Put_TC4" time="0.865" errors="0" timestamp="2024-03-07T16:33:36 IST" skipped="0">
  <testcase classname="Test_Packages.DD_Put_TC4" name="Executor" time="0.865"/>
</testsuite> <!-- Test_Packages.DD_Put_TC4 -->
