<?xml version="1.0" encoding="UTF-8"?>
<!-- Generated by org.testng.reporters.JUnitReportReporter -->
<testsuite hostname="ADil" failures="0" tests="3" name="Test_Packages.Post_TC5_Data_Provider" time="2.485" errors="0" timestamp="2024-03-07T16:33:36 IST" skipped="0">
  <testcase classname="Test_Packages.Post_TC5_Data_Provider" name="Executor" time="0.800"/>
  <testcase classname="Test_Packages.Post_TC5_Data_Provider" name="Executor" time="0.830"/>
  <testcase classname="Test_Packages.Post_TC5_Data_Provider" name="Executor" time="0.855"/>
</testsuite> <!-- Test_Packages.Post_TC5_Data_Provider -->
