<?xml version="1.0" encoding="UTF-8"?>
<!-- Generated by org.testng.reporters.JUnitReportReporter -->
<testsuite hostname="ADil" failures="0" tests="1" name="Test_Class.Post_TC2" time="4.351" errors="0" timestamp="2024-03-05T23:27:47 IST" skipped="0">
  <testcase classname="Test_Class.Post_TC2" name="Executor" time="4.351"/>
</testsuite> <!-- Test_Class.Post_TC2 -->
