<?xml version="1.0" encoding="UTF-8"?>
<!-- Generated by org.testng.reporters.JUnitReportReporter -->
<testsuite hostname="ADil" failures="0" tests="1" name="Test_Packages.Get_TC" time="4.051" errors="0" timestamp="2024-03-06T17:36:44 IST" skipped="0">
  <testcase classname="Test_Packages.Get_TC" name="Executor" time="4.051"/>
</testsuite> <!-- Test_Packages.Get_TC -->
