<?xml version="1.0" encoding="UTF-8"?>
<!-- Generated by org.testng.reporters.JUnitReportReporter -->
<testsuite hostname="ADil" failures="0" tests="1" name="Demo.Get_TC2_ListOfUsers" time="1.263" errors="0" timestamp="2024-03-07T01:59:12 IST" skipped="0">
  <testcase classname="Demo.Get_TC2_ListOfUsers" name="Executor" time="1.263"/>
</testsuite> <!-- Demo.Get_TC2_ListOfUsers -->
