<?xml version="1.0" encoding="UTF-8"?>
<!-- Generated by org.testng.reporters.JUnitReportReporter -->
<testsuite hostname="ADil" failures="0" tests="2" name="Demo.Demo2" time="1.240" errors="0" timestamp="2024-03-06T18:21:44 IST" skipped="0">
  <testcase classname="Demo.Demo2" name="test2" time="0.409"/>
  <testcase classname="Demo.Demo2" name="test" time="0.831"/>
</testsuite> <!-- Demo.Demo2 -->
