<?xml version="1.0" encoding="UTF-8"?>
<!-- Generated by org.testng.reporters.JUnitReportReporter -->
<testsuite hostname="ADil" failures="0" tests="1" name="Test_Packages.DD_Post_TC2" time="0.961" errors="0" timestamp="2024-03-07T16:33:36 IST" skipped="0">
  <testcase classname="Test_Packages.DD_Post_TC2" name="Executor" time="0.961"/>
</testsuite> <!-- Test_Packages.DD_Post_TC2 -->
