<?xml version="1.0" encoding="UTF-8"?>
<!-- Generated by org.testng.reporters.JUnitReportReporter -->
<testsuite hostname="ADil" failures="0" tests="1" name="Test_Class.Post_TC7_Parameterization" time="12.263" errors="0" timestamp="2024-03-06T15:09:04 IST" skipped="0">
  <testcase classname="Test_Class.Post_TC7_Parameterization" name="Executor" time="12.263"/>
</testsuite> <!-- Test_Class.Post_TC7_Parameterization -->
