<?xml version="1.0" encoding="UTF-8"?>
<!-- Generated by org.testng.reporters.JUnitReportReporter -->
<testsuite hostname="ADil" failures="0" tests="3" name="Test_Class.Post_TC6_Data_Provider" time="7.665" errors="0" timestamp="2024-03-06T14:13:55 IST" skipped="0">
  <testcase classname="Test_Class.Post_TC6_Data_Provider" name="Executor" time="5.084"/>
  <testcase classname="Test_Class.Post_TC6_Data_Provider" name="Executor" time="1.320"/>
  <testcase classname="Test_Class.Post_TC6_Data_Provider" name="Executor" time="1.261"/>
</testsuite> <!-- Test_Class.Post_TC6_Data_Provider -->
