<?xml version="1.0" encoding="UTF-8"?>
<!-- Generated by org.testng.reporters.JUnitReportReporter -->
<testsuite hostname="ADil" failures="0" tests="1" name="Test_Packages.Post_TC1" time="4.890" errors="0" timestamp="2024-03-07T16:33:36 IST" skipped="0">
  <testcase classname="Test_Packages.Post_TC1" name="Executor" time="4.890"/>
</testsuite> <!-- Test_Packages.Post_TC1 -->
