<?xml version="1.0" encoding="UTF-8"?>
<!-- Generated by org.testng.reporters.JUnitReportReporter -->
<testsuite hostname="ADil" failures="0" tests="1" name="Test_Packages.Get_TC2_ListOfUsers" time="5.098" errors="0" timestamp="2024-03-06T17:30:10 IST" skipped="0">
  <testcase classname="Test_Packages.Get_TC2_ListOfUsers" name="Executor" time="5.098"/>
</testsuite> <!-- Test_Packages.Get_TC2_ListOfUsers -->
