<?xml version="1.0" encoding="UTF-8"?>
<!-- Generated by org.testng.reporters.JUnitReportReporter -->
<testsuite hostname="ADil" failures="0" tests="1" name="Test_Class.Post_TC1" time="5.316" errors="0" timestamp="2024-03-05T21:36:39 IST" skipped="0">
  <testcase classname="Test_Class.Post_TC1" name="Executor" time="5.316"/>
</testsuite> <!-- Test_Class.Post_TC1 -->
