<?xml version="1.0" encoding="UTF-8"?>
<!-- Generated by org.testng.reporters.JUnitReportReporter -->
<testsuite hostname="ADil" failures="0" tests="1" name="Test_Class.Post_TC3_DD" time="1.968" errors="0" timestamp="2024-03-05T21:36:39 IST" skipped="0">
  <testcase classname="Test_Class.Post_TC3_DD" name="Executor" time="1.968"/>
</testsuite> <!-- Test_Class.Post_TC3_DD -->
