<?xml version="1.0" encoding="UTF-8"?>
<!-- Generated by org.testng.reporters.JUnitReportReporter -->
<testsuite hostname="ADil" failures="0" tests="2" name="Test_Class.Post_TC4_DD" time="1.820" errors="0" timestamp="2024-03-05T21:37:26 IST" skipped="0">
  <testcase classname="Test_Class.Post_TC4_DD" name="Executor" time="0.926"/>
  <testcase classname="Test_Class.Post_TC4_DD" name="Executor" time="0.894"/>
</testsuite> <!-- Test_Class.Post_TC4_DD -->
