<?xml version="1.0" encoding="UTF-8"?>
<!-- Generated by org.testng.reporters.JUnitReportReporter -->
<testsuite hostname="ADil" failures="0" tests="3" name="Test_Packages.Post_TC6_Data_Provider" time="2.980" errors="0" timestamp="2024-03-07T02:07:32 IST" skipped="0">
  <testcase classname="Test_Packages.Post_TC6_Data_Provider" name="Executor" time="1.161"/>
  <testcase classname="Test_Packages.Post_TC6_Data_Provider" name="Executor" time="0.841"/>
  <testcase classname="Test_Packages.Post_TC6_Data_Provider" name="Executor" time="0.978"/>
</testsuite> <!-- Test_Packages.Post_TC6_Data_Provider -->
