<?xml version="1.0" encoding="UTF-8"?>
<!-- Generated by org.testng.reporters.JUnitReportReporter -->
<testsuite hostname="ADil" failures="0" tests="2" name="Test_Class.Post_TC1" time="5.419" errors="0" timestamp="2024-03-05T21:37:26 IST" skipped="0">
  <testcase classname="Test_Class.Post_TC1" name="Executor" time="4.581"/>
  <testcase classname="Test_Class.Post_TC1" name="Executor" time="0.838"/>
</testsuite> <!-- Test_Class.Post_TC1 -->
