<?xml version="1.0" encoding="UTF-8"?>
<!-- Generated by org.testng.reporters.JUnitReportReporter -->
<testsuite hostname="ADil" failures="0" tests="1" name="Test_Packages.DD_Post_TC2" time="3.094" errors="0" timestamp="2024-03-07T02:07:32 IST" skipped="0">
  <testcase classname="Test_Packages.DD_Post_TC2" name="Executor" time="3.094"/>
</testsuite> <!-- Test_Packages.DD_Post_TC2 -->
