<?xml version="1.0" encoding="UTF-8"?>
<!-- Generated by org.testng.reporters.JUnitReportReporter -->
<testsuite hostname="ADil" failures="0" tests="3" name="Test_Packages.Post_TC5_Data_Provider" time="3.114" errors="0" timestamp="2024-03-07T02:07:32 IST" skipped="0">
  <testcase classname="Test_Packages.Post_TC5_Data_Provider" name="Executor" time="1.258"/>
  <testcase classname="Test_Packages.Post_TC5_Data_Provider" name="Executor" time="0.869"/>
  <testcase classname="Test_Packages.Post_TC5_Data_Provider" name="Executor" time="0.987"/>
</testsuite> <!-- Test_Packages.Post_TC5_Data_Provider -->
